[05.11.2020 15:42:43] INFO : Класс Application: ==Старт Программы==
[05.11.2020 15:42:43] INFO : Класс А: Создан пустой экземпляр класса HomeWork01A
[05.11.2020 15:42:43] INFO : Класс Application: Отсортированый Лист:
[05.11.2020 15:42:43] INFO : Класс Б: Создан пустой экземпляр класса HomeWork01B
[05.11.2020 15:42:43] DEBUG: Класс А: Метод list переносящий элементы из массива sArray в лист list, выход из цикла когда i == 4.
[05.11.2020 15:42:43] DEBUG: Класс А: Элемент 0 перенесен.
[05.11.2020 15:42:43] DEBUG: Класс А: Элемент 1 перенесен.
[05.11.2020 15:42:43] DEBUG: Класс А: Элемент 2 перенесен.
[05.11.2020 15:42:43] DEBUG: Класс А: Элемент 3 перенесен.
[05.11.2020 15:42:43] DEBUG: Класс А: Элемент 4 перенесен.
[05.11.2020 15:42:43] DEBUG: Класс Б: Метод printList для вывода элементов из листа [F, D, Alpha, C, Beta] в отсортированном порялке.
[05.11.2020 15:42:43] DEBUG: Класс Б: Сортировка inputlist.
[05.11.2020 15:42:43] INFO : Класс Б: Элемент №0:Alpha
[05.11.2020 15:42:43] INFO : Класс Б: Элемент №1:Beta
[05.11.2020 15:42:43] INFO : Класс Б: Элемент №2:C
[05.11.2020 15:42:43] INFO : Класс Б: Элемент №3:D
[05.11.2020 15:42:43] INFO : Класс Б: Элемент №4:F
[05.11.2020 15:42:43] INFO : Класс Application: Вызов из экземпляра класса А, null
[05.11.2020 15:42:43] DEBUG: HomeworkParrent: Метод splitList принимает List<String> и через split() разделяет слова на отдельые массивы и при помощи второго цикла выводит каждый элемент массивов слов.
[05.11.2020 15:42:43] ERROR: HomeworkParrent: Массив не определён. Пожалуйста проверьте корректность вводимых значений.
[05.11.2020 15:42:43] INFO : Класс Application: Вызов из экземпляра класса B, лист из экземпляра класса А
[05.11.2020 15:42:43] DEBUG: Класс А: Метод list переносящий элементы из массива sArray в лист list, выход из цикла когда i == 4.
[05.11.2020 15:42:43] DEBUG: Класс А: Элемент 0 перенесен.
[05.11.2020 15:42:43] DEBUG: Класс А: Элемент 1 перенесен.
[05.11.2020 15:42:43] DEBUG: Класс А: Элемент 2 перенесен.
[05.11.2020 15:42:43] DEBUG: Класс А: Элемент 3 перенесен.
[05.11.2020 15:42:43] DEBUG: Класс А: Элемент 4 перенесен.
[05.11.2020 15:42:43] DEBUG: Класс А: Метод splitList принимает List<String> и через split() разделяет слова на отдельые массивы и при помощи второго цикла выводит каждый элемент массивов слов.
[05.11.2020 15:42:43] DEBUG: Класс А: Получаем элемент F из листа [F, D, Alpha, C, Beta]
[05.11.2020 15:42:43] DEBUG: Класс А: Делаем из слова F массив с каждым симолом ввиде отдельного элемента при помощи String.split()
[05.11.2020 15:42:43] INFO : Класс А: Элемент №0:
[05.11.2020 15:42:43] INFO : Класс А: F
[05.11.2020 15:42:43] DEBUG: Класс А: Получаем элемент D из листа [F, D, Alpha, C, Beta]
[05.11.2020 15:42:43] DEBUG: Класс А: Делаем из слова D массив с каждым симолом ввиде отдельного элемента при помощи String.split()
[05.11.2020 15:42:43] INFO : Класс А: Элемент №1:
[05.11.2020 15:42:43] INFO : Класс А: D
[05.11.2020 15:42:43] DEBUG: Класс А: Получаем элемент Alpha из листа [F, D, Alpha, C, Beta]
[05.11.2020 15:42:43] DEBUG: Класс А: Делаем из слова Alpha массив с каждым симолом ввиде отдельного элемента при помощи String.split()
[05.11.2020 15:42:43] INFO : Класс А: Элемент №2:
[05.11.2020 15:42:43] INFO : Класс А: A
[05.11.2020 15:42:43] INFO : Класс А: l
[05.11.2020 15:42:43] INFO : Класс А: p
[05.11.2020 15:42:43] INFO : Класс А: h
[05.11.2020 15:42:43] INFO : Класс А: a
[05.11.2020 15:42:43] DEBUG: Класс А: Получаем элемент C из листа [F, D, Alpha, C, Beta]
[05.11.2020 15:42:43] DEBUG: Класс А: Делаем из слова C массив с каждым симолом ввиде отдельного элемента при помощи String.split()
[05.11.2020 15:42:43] INFO : Класс А: Элемент №3:
[05.11.2020 15:42:43] INFO : Класс А: C
[05.11.2020 15:42:43] DEBUG: Класс А: Получаем элемент Beta из листа [F, D, Alpha, C, Beta]
[05.11.2020 15:42:43] DEBUG: Класс А: Делаем из слова Beta массив с каждым симолом ввиде отдельного элемента при помощи String.split()
[05.11.2020 15:42:43] INFO : Класс А: Элемент №4:
[05.11.2020 15:42:43] INFO : Класс А: B
[05.11.2020 15:42:43] INFO : Класс А: e
[05.11.2020 15:42:43] INFO : Класс А: t
[05.11.2020 15:42:43] INFO : Класс А: a
[05.11.2020 15:42:43] INFO : Класс Application: Вызов из экземпляра класса B, new ArrayList<String>()
[05.11.2020 15:42:43] DEBUG: Класс А: Метод splitList принимает List<String> и через split() разделяет слова на отдельые массивы и при помощи второго цикла выводит каждый элемент массивов слов.
[05.11.2020 15:42:43] INFO : Класс Application: ==Конец==
